<?xml version="1.0" encoding="UTF-8"?>
<!-- Generated by org.testng.reporters.JUnitXMLReporter -->
<testsuite hostname="Ravneets-MacBook-Pro.local" name="GAPTestCases" tests="2" failures="0" timestamp="11 May 2020 15:02:21 GMT" time="25.765" errors="0">
  <testcase name="getAllValidationsStepTwo on [TC_002_KnowYouBetterPage_Validations_InvalidValuesEntered passed=0 failed=0 skipped=0]" time="10.396" classname="com.npw.testscripts.gap.TC_002_KnowYouBetterPage_Validations_InvalidValuesEntered"/>
  <testcase name="getAllValidationsFromGreatDecisionPage on [TC_003_GreatDecisionPage_Validations_INvalidValuesEntered passed=0 failed=0 skipped=0]" time="4.749" classname="com.npw.testscripts.gap.TC_003_GreatDecisionPage_Validations_INvalidValuesEntered"/>
</testsuite> <!-- GAPTestCases -->
