<?xml version="1.0" encoding="UTF-8"?>
<testng-results skipped="0" failed="0" total="1" passed="1">
  <reporter-output>
  </reporter-output>
  <suite name="Default suite" duration-ms="412" started-at="2020-07-30T10:21:16Z" finished-at="2020-07-30T10:21:16Z">
    <groups>
    </groups>
    <test name="Default test" duration-ms="412" started-at="2020-07-30T10:21:16Z" finished-at="2020-07-30T10:21:16Z">
      <class name="com.npw.testscripts.gap.TC_001_PositiveFlow">
        <test-method status="PASS" signature="launchBrowser(java.lang.String, java.lang.String, java.lang.String, java.lang.String)[pri:0, instance:[TC_001_PositiveFlow passed=0 failed=0 skipped=0]]" name="launchBrowser" is-config="true" duration-ms="53" started-at="2020-07-30T12:21:16Z" finished-at="2020-07-30T12:21:16Z">
          <params>
            <param index="0">
              <value>
                <![CDATA[ff]]>
              </value>
            </param>
            <param index="1">
              <value>
                <![CDATA[http://oldmutual.co.za]]>
              </value>
            </param>
            <param index="2">
              <value>
                <![CDATA[Admin]]>
              </value>
            </param>
            <param index="3">
              <value>
                <![CDATA[Password1$]]>
              </value>
            </param>
          </params>
          <reporter-output>
          </reporter-output>
        </test-method> <!-- launchBrowser -->
        <test-method status="PASS" signature="submitApp()[pri:0, instance:[TC_001_PositiveFlow passed=0 failed=0 skipped=0]]" name="submitApp" duration-ms="349" started-at="2020-07-30T12:21:16Z" finished-at="2020-07-30T12:21:16Z">
          <reporter-output>
          </reporter-output>
        </test-method> <!-- submitApp -->
        <test-method status="FAIL" signature="closeBrowser()[pri:0, instance:[TC_001_PositiveFlow passed=0 failed=0 skipped=0]]" name="closeBrowser" is-config="true" duration-ms="0" started-at="2020-07-30T12:21:16Z" finished-at="2020-07-30T12:21:16Z">
          <exception class="java.lang.NullPointerException">
            <full-stacktrace>
              <![CDATA[java.lang.NullPointerException
	at com.om.framework.basetest.BaseTest.closeBrowser(BaseTest.java:253)
	at sun.reflect.NativeMethodAccessorImpl.invoke0(Native Method)
	at sun.reflect.NativeMethodAccessorImpl.invoke(NativeMethodAccessorImpl.java:62)
	at sun.reflect.DelegatingMethodAccessorImpl.invoke(DelegatingMethodAccessorImpl.java:43)
	at java.lang.reflect.Method.invoke(Method.java:498)
	at org.testng.internal.MethodInvocationHelper.invokeMethod(MethodInvocationHelper.java:84)
	at org.testng.internal.Invoker.invokeConfigurationMethod(Invoker.java:564)
	at org.testng.internal.Invoker.invokeConfigurations(Invoker.java:213)
	at org.testng.internal.Invoker.invokeConfigurations(Invoker.java:138)
	at org.testng.internal.TestMethodWorker.invokeAfterClassMethods(TestMethodWorker.java:225)
	at org.testng.internal.TestMethodWorker.run(TestMethodWorker.java:114)
	at org.testng.TestRunner.privateRun(TestRunner.java:767)
	at org.testng.TestRunner.run(TestRunner.java:617)
	at org.testng.SuiteRunner.runTest(SuiteRunner.java:348)
	at org.testng.SuiteRunner.runSequentially(SuiteRunner.java:343)
	at org.testng.SuiteRunner.privateRun(SuiteRunner.java:305)
	at org.testng.SuiteRunner.run(SuiteRunner.java:254)
	at org.testng.SuiteRunnerWorker.runSuite(SuiteRunnerWorker.java:52)
	at org.testng.SuiteRunnerWorker.run(SuiteRunnerWorker.java:86)
	at org.testng.TestNG.runSuitesSequentially(TestNG.java:1224)
	at org.testng.TestNG.runSuitesLocally(TestNG.java:1149)
	at org.testng.TestNG.run(TestNG.java:1057)
	at org.testng.remote.AbstractRemoteTestNG.run(AbstractRemoteTestNG.java:115)
	at org.testng.remote.RemoteTestNG.initAndRun(RemoteTestNG.java:251)
	at org.testng.remote.RemoteTestNG.main(RemoteTestNG.java:77)
]]>
            </full-stacktrace>
          </exception> <!-- java.lang.NullPointerException -->
          <reporter-output>
          </reporter-output>
        </test-method> <!-- closeBrowser -->
      </class> <!-- com.npw.testscripts.gap.TC_001_PositiveFlow -->
    </test> <!-- Default test -->
  </suite> <!-- Default suite -->
</testng-results>
